# JRE version: Java(TM) SE Runtime Environment (8.0_66-b17) (build 1.8.0_66-b17)
# Java VM: Java HotSpot(TM) Client VM (25.66-b17 mixed mode windows-x86 )
Heap:
 def new generation   total 39424K, used 4799K [0x04800000, 0x072c0000, 0x0f2a0000)
  eden space 35072K,  13% used [0x04800000, 0x04cafda0, 0x06a40000)
  from space 4352K,   0% used [0x06a40000, 0x06a40000, 0x06e80000)
  to   space 4352K,   0% used [0x06e80000, 0x06e80000, 0x072c0000)
 tenured generation   total 87424K, used 12071K [0x0f2a0000, 0x14800000, 0x24800000)
   the space 87424K,  13% used [0x0f2a0000, 0x0fe69c40, 0x0fe69e00, 0x14800000)
 Metaspace       used 12221K, capacity 12592K, committed 12672K, reserved 12672K
GC Heap History (6 events):
Event: 0.526 GC heap before
{Heap before GC invocations=0 (full 0):
 def new generation   total 39296K, used 34944K [0x04800000, 0x072a0000, 0x0f2a0000)
  eden space 34944K, 100% used [0x04800000, 0x06a20000, 0x06a20000)
  from space 4352K,   0% used [0x06a20000, 0x06a20000, 0x06e60000)
  to   space 4352K,   0% used [0x06e60000, 0x06e60000, 0x072a0000)
 tenured generation   total 87424K, used 0K [0x0f2a0000, 0x14800000, 0x24800000)
   the space 87424K,   0% used [0x0f2a0000, 0x0f2a0000, 0x0f2a0200, 0x14800000)
 Metaspace       used 7949K, capacity 8114K, committed 8192K, reserved 8576K
Event: 0.536 GC heap after
Heap after GC invocations=1 (full 0):
 def new generation   total 39296K, used 4352K [0x04800000, 0x072a0000, 0x0f2a0000)
  eden space 34944K,   0% used [0x04800000, 0x04800000, 0x06a20000)
  from space 4352K, 100% used [0x06e60000, 0x072a0000, 0x072a0000)
  to   space 4352K,   0% used [0x06a20000, 0x06a20000, 0x06e60000)
 tenured generation   total 87424K, used 1551K [0x0f2a0000, 0x14800000, 0x24800000)
   the space 87424K,   1% used [0x0f2a0000, 0x0f423e60, 0x0f424000, 0x14800000)
 Metaspace       used 7949K, capacity 8114K, committed 8192K, reserved 8576K
}
Event: 0.956 GC heap before
{Heap before GC invocations=1 (full 0):
 def new generation   total 39296K, used 39296K [0x04800000, 0x072a0000, 0x0f2a0000)
  eden space 34944K, 100% used [0x04800000, 0x06a20000, 0x06a20000)
  from space 4352K, 100% used [0x06e60000, 0x072a0000, 0x072a0000)
  to   space 4352K,   0% used [0x06a20000, 0x06a20000, 0x06e60000)
 tenured generation   total 87424K, used 1551K [0x0f2a0000, 0x14800000, 0x24800000)
   the space 87424K,   1% used [0x0f2a0000, 0x0f423e60, 0x0f424000, 0x14800000)
 Metaspace       used 11603K, capacity 11914K, committed 12032K, reserved 12672K
Event: 0.971 GC heap after
Heap after GC invocations=2 (full 0):
 def new generation   total 39296K, used 4352K [0x04800000, 0x072a0000, 0x0f2a0000)
  eden space 34944K,   0% used [0x04800000, 0x04800000, 0x06a20000)
  from space 4352K, 100% used [0x06a20000, 0x06e60000, 0x06e60000)
  to   space 4352K,   0% used [0x06e60000, 0x06e60000, 0x072a0000)
 tenured generation   total 87424K, used 7868K [0x0f2a0000, 0x14800000, 0x24800000)
   the space 87424K,   9% used [0x0f2a0000, 0x0fa4f130, 0x0fa4f200, 0x14800000)
 Metaspace       used 11603K, capacity 11914K, committed 12032K, reserved 12672K
}
Event: 1.175 GC heap before
{Heap before GC invocations=2 (full 0):
 def new generation   total 39296K, used 11600K [0x04800000, 0x072a0000, 0x0f2a0000)
  eden space 34944K,  20% used [0x04800000, 0x04f140f0, 0x06a20000)
  from space 4352K, 100% used [0x06a20000, 0x06e60000, 0x06e60000)
  to   space 4352K,   0% used [0x06e60000, 0x06e60000, 0x072a0000)
 tenured generation   total 87424K, used 7868K [0x0f2a0000, 0x14800000, 0x24800000)
   the space 87424K,   9% used [0x0f2a0000, 0x0fa4f130, 0x0fa4f200, 0x14800000)
 Metaspace       used 11937K, capacity 12259K, committed 12288K, reserved 12672K
Event: 1.192 GC heap after
Heap after GC invocations=3 (full 1):
 def new generation   total 39424K, used 0K [0x04800000, 0x072c0000, 0x0f2a0000)
  eden space 35072K,   0% used [0x04800000, 0x04800000, 0x06a40000)
  from space 4352K,   0% used [0x06a40000, 0x06a40000, 0x06e80000)
  to   space 4352K,   0% used [0x06e80000, 0x06e80000, 0x072c0000)
 tenured generation   total 87424K, used 12071K [0x0f2a0000, 0x14800000, 0x24800000)
   the space 87424K,  13% used [0x0f2a0000, 0x0fe69c40, 0x0fe69e00, 0x14800000)
 Metaspace       used 11937K, capacity 12259K, committed 12288K, reserved 12672K
}

